Flow report for soc_m3_top
Mon Nov 09 21:46:23 2020
Quartus Prime Version 17.1.0 Build 590 10/25/2017 SJ Standard Edition


---------------------
; Table of Contents ;
---------------------
  1. Legal Notice
  2. Flow Summary
  3. Flow Settings
  4. Flow Non-Default Global Settings
  5. Flow Elapsed Time
  6. Flow OS Summary
  7. Flow Log
  8. Flow Messages
  9. Flow Suppressed Messages



----------------
; Legal Notice ;
----------------
Copyright (C) 2017  Intel Corporation. All rights reserved.
Your use of Intel Corporation's design tools, logic functions 
and other software and tools, and its AMPP partner logic 
functions, and any output files from any of the foregoing 
(including device programming or simulation files), and any 
associated documentation or information are expressly subject 
to the terms and conditions of the Intel Program License 
Subscription Agreement, the Intel Quartus Prime License Agreement,
the Intel FPGA IP License Agreement, or other applicable license
agreement, including, without limitation, that your use is for
the sole purpose of programming logic devices manufactured by
Intel and sold by Intel or its authorized distributors.  Please
refer to the applicable agreement for further details.



+--------------------------------------------------------------------------------------+
; Flow Summary                                                                         ;
+------------------------------------+-------------------------------------------------+
; Flow Status                        ; Successful - Mon Nov 09 21:46:23 2020           ;
; Quartus Prime Version              ; 17.1.0 Build 590 10/25/2017 SJ Standard Edition ;
; Revision Name                      ; soc_m3_top                                      ;
; Top-level Entity Name              ; soc_m3_top                                      ;
; Family                             ; Cyclone IV E                                    ;
; Device                             ; EP4CE115F29C7                                   ;
; Timing Models                      ; Final                                           ;
; Total logic elements               ; 22,756 / 114,480 ( 20 % )                       ;
;     Total combinational functions  ; 21,966 / 114,480 ( 19 % )                       ;
;     Dedicated logic registers      ; 5,629 / 114,480 ( 5 % )                         ;
; Total registers                    ; 5629                                            ;
; Total pins                         ; 12 / 529 ( 2 % )                                ;
; Total virtual pins                 ; 0                                               ;
; Total memory bits                  ; 2,359,296 / 3,981,312 ( 59 % )                  ;
; Embedded Multiplier 9-bit elements ; 6 / 532 ( 1 % )                                 ;
; Total PLLs                         ; 1 / 4 ( 25 % )                                  ;
+------------------------------------+-------------------------------------------------+


+-----------------------------------------+
; Flow Settings                           ;
+-------------------+---------------------+
; Option            ; Setting             ;
+-------------------+---------------------+
; Start date & time ; 10/10/2020 12:51:35 ;
; Main task         ; Compilation         ;
; Revision Name     ; soc_m3_top          ;
+-------------------+---------------------+


+------------------------------------------------------------------------------------------------------------------------------+
; Flow Non-Default Global Settings                                                                                             ;
+--------------------------------------+----------------------------------------+---------------+-------------+----------------+
; Assignment Name                      ; Value                                  ; Default Value ; Entity Name ; Section Id     ;
+--------------------------------------+----------------------------------------+---------------+-------------+----------------+
; COMPILER_SIGNATURE_ID                ; 272851113952789.160230549413444        ; --            ; --          ; --             ;
; EDA_DESIGN_INSTANCE_NAME             ; NA                                     ; --            ; --          ; tb_soc_m3      ;
; EDA_NATIVELINK_SIMULATION_TEST_BENCH ; tb_soc_m3                              ; --            ; --          ; eda_simulation ;
; EDA_NETLIST_WRITER_OUTPUT_DIR        ; D:/soc_m3/2_sim                        ; --            ; --          ; eda_simulation ;
; EDA_OUTPUT_DATA_FORMAT               ; Verilog Hdl                            ; --            ; --          ; eda_simulation ;
; EDA_SIMULATION_TOOL                  ; ModelSim (Verilog)                     ; <None>        ; --          ; --             ;
; EDA_TEST_BENCH_ENABLE_STATUS         ; TEST_BENCH_MODE                        ; --            ; --          ; eda_simulation ;
; EDA_TEST_BENCH_FILE                  ; ../2_sim/tb_soc_m3.v                   ; --            ; --          ; tb_soc_m3      ;
; EDA_TEST_BENCH_MODULE_NAME           ; tb_soc_m3                              ; --            ; --          ; tb_soc_m3      ;
; EDA_TEST_BENCH_NAME                  ; tb_soc_m3                              ; --            ; --          ; eda_simulation ;
; EDA_TIME_SCALE                       ; 1 ps                                   ; --            ; --          ; eda_simulation ;
; MAX_CORE_JUNCTION_TEMP               ; 85                                     ; --            ; --          ; --             ;
; MIN_CORE_JUNCTION_TEMP               ; 0                                      ; --            ; --          ; --             ;
; MISC_FILE                            ; ../1_rtl/ip/pll/pll.ppf                ; --            ; --          ; --             ;
; NOMINAL_CORE_SUPPLY_VOLTAGE          ; 1.2V                                   ; --            ; --          ; --             ;
; PARTITION_COLOR                      ; -- (Not supported for targeted family) ; --            ; --          ; Top            ;
; PARTITION_FITTER_PRESERVATION_LEVEL  ; -- (Not supported for targeted family) ; --            ; --          ; Top            ;
; PARTITION_NETLIST_TYPE               ; -- (Not supported for targeted family) ; --            ; --          ; Top            ;
; POWER_BOARD_THERMAL_MODEL            ; None (CONSERVATIVE)                    ; --            ; --          ; --             ;
; POWER_PRESET_COOLING_SOLUTION        ; 23 MM HEAT SINK WITH 200 LFPM AIRFLOW  ; --            ; --          ; --             ;
; PROJECT_OUTPUT_DIRECTORY             ; output_files                           ; --            ; --          ; --             ;
+--------------------------------------+----------------------------------------+---------------+-------------+----------------+


+-------------------------------------------------------------------------------------------------------------------------------+
; Flow Elapsed Time                                                                                                             ;
+---------------------------+--------------+-------------------------+---------------------+------------------------------------+
; Module Name               ; Elapsed Time ; Average Processors Used ; Peak Virtual Memory ; Total CPU Time (on all processors) ;
+---------------------------+--------------+-------------------------+---------------------+------------------------------------+
; Analysis & Synthesis      ; 00:03:06     ; 1.0                     ; 5097 MB             ; 00:03:34                           ;
; Fitter                    ; 00:01:36     ; 1.1                     ; 5973 MB             ; 00:02:28                           ;
; Assembler                 ; 00:00:07     ; 1.0                     ; 4764 MB             ; 00:00:06                           ;
; TimeQuest Timing Analyzer ; 00:00:11     ; 1.4                     ; 5047 MB             ; 00:00:13                           ;
; EDA Netlist Writer        ; 00:00:30     ; 1.0                     ; 4908 MB             ; 00:00:28                           ;
; Analysis & Synthesis      ; 00:01:00     ; 1.1                     ; 5103 MB             ; 00:01:30                           ;
; Partition Merge           ; 00:00:06     ; 1.0                     ; 4864 MB             ; 00:00:05                           ;
; Fitter                    ; 00:01:01     ; 1.1                     ; 5981 MB             ; 00:01:16                           ;
; Assembler                 ; 00:00:06     ; 1.0                     ; 4766 MB             ; 00:00:07                           ;
; TimeQuest Timing Analyzer ; 00:00:11     ; 1.4                     ; 5058 MB             ; 00:00:14                           ;
; EDA Netlist Writer        ; 00:00:32     ; 1.0                     ; 4911 MB             ; 00:00:29                           ;
; Analysis & Synthesis      ; 00:00:51     ; 1.0                     ; 5103 MB             ; 00:01:17                           ;
; Partition Merge           ; 00:00:05     ; 1.0                     ; 4867 MB             ; 00:00:05                           ;
; Fitter                    ; 00:01:00     ; 1.1                     ; 5977 MB             ; 00:01:15                           ;
; Assembler                 ; 00:00:06     ; 1.0                     ; 4766 MB             ; 00:00:07                           ;
; TimeQuest Timing Analyzer ; 00:00:11     ; 1.4                     ; 5056 MB             ; 00:00:13                           ;
; EDA Netlist Writer        ; 00:00:32     ; 1.0                     ; 4912 MB             ; 00:00:29                           ;
; Analysis & Synthesis      ; 00:00:47     ; 1.0                     ; 5103 MB             ; 00:01:13                           ;
; Partition Merge           ; 00:00:05     ; 1.0                     ; 4868 MB             ; 00:00:05                           ;
; Fitter                    ; 00:00:59     ; 1.1                     ; 5966 MB             ; 00:01:12                           ;
; Assembler                 ; 00:00:07     ; 1.0                     ; 4765 MB             ; 00:00:07                           ;
; TimeQuest Timing Analyzer ; 00:00:11     ; 1.4                     ; 5051 MB             ; 00:00:13                           ;
; EDA Netlist Writer        ; 00:00:30     ; 1.0                     ; 4903 MB             ; 00:00:28                           ;
; Analysis & Synthesis      ; 00:03:03     ; 1.8                     ; 5101 MB             ; 00:03:33                           ;
; Analysis & Synthesis      ; 00:00:45     ; 1.0                     ; 5089 MB             ; 00:01:15                           ;
; Analysis & Synthesis      ; 00:03:08     ; 1.0                     ; 5360 MB             ; 00:03:35                           ;
; Partition Merge           ; 00:00:04     ; 1.0                     ; 4758 MB             ; 00:00:04                           ;
; Fitter                    ; 00:01:44     ; 1.1                     ; 6056 MB             ; 00:02:41                           ;
; Assembler                 ; 00:00:06     ; 1.0                     ; 4762 MB             ; 00:00:06                           ;
; TimeQuest Timing Analyzer ; 00:00:11     ; 1.4                     ; 5058 MB             ; 00:00:14                           ;
; EDA Netlist Writer        ; 00:00:30     ; 1.0                     ; 4911 MB             ; 00:00:29                           ;
; Analysis & Synthesis      ; 00:02:47     ; 1.0                     ; 5108 MB             ; 00:03:14                           ;
; Partition Merge           ; 00:00:03     ; 1.0                     ; 4757 MB             ; 00:00:03                           ;
; Fitter                    ; 00:01:25     ; 1.1                     ; 6121 MB             ; 00:02:12                           ;
; Assembler                 ; 00:00:06     ; 1.0                     ; 4754 MB             ; 00:00:05                           ;
; TimeQuest Timing Analyzer ; 00:00:10     ; 1.4                     ; 5043 MB             ; 00:00:12                           ;
; EDA Netlist Writer        ; 00:00:27     ; 1.0                     ; 4891 MB             ; 00:00:25                           ;
; Analysis & Synthesis      ; 00:00:48     ; 1.0                     ; 5097 MB             ; 00:01:00                           ;
; Partition Merge           ; 00:00:04     ; 1.0                     ; 4862 MB             ; 00:00:04                           ;
; Fitter                    ; 00:00:45     ; 1.1                     ; 5980 MB             ; 00:00:55                           ;
; Assembler                 ; 00:00:05     ; 1.0                     ; 4758 MB             ; 00:00:05                           ;
; TimeQuest Timing Analyzer ; 00:00:08     ; 1.4                     ; 5046 MB             ; 00:00:11                           ;
; EDA Netlist Writer        ; 00:00:23     ; 1.0                     ; 4892 MB             ; 00:00:20                           ;
; Analysis & Synthesis      ; 00:02:32     ; 1.0                     ; 5104 MB             ; 00:02:57                           ;
; Partition Merge           ; 00:00:02     ; 1.0                     ; 4756 MB             ; 00:00:03                           ;
; Fitter                    ; 00:01:14     ; 1.1                     ; 6122 MB             ; 00:01:57                           ;
; Assembler                 ; 00:00:05     ; 1.0                     ; 4757 MB             ; 00:00:05                           ;
; TimeQuest Timing Analyzer ; 00:00:09     ; 1.4                     ; 5043 MB             ; 00:00:11                           ;
; EDA Netlist Writer        ; 00:00:23     ; 1.0                     ; 4892 MB             ; 00:00:21                           ;
; Analysis & Synthesis      ; 00:02:28     ; 1.0                     ; 5269 MB             ; 00:02:52                           ;
; Partition Merge           ; 00:00:03     ; 1.0                     ; 4756 MB             ; 00:00:03                           ;
; Fitter                    ; 00:01:22     ; 1.1                     ; 6130 MB             ; 00:02:12                           ;
; Assembler                 ; 00:00:05     ; 1.0                     ; 4761 MB             ; 00:00:05                           ;
; TimeQuest Timing Analyzer ; 00:00:09     ; 1.4                     ; 5056 MB             ; 00:00:11                           ;
; EDA Netlist Writer        ; 00:00:23     ; 1.0                     ; 4905 MB             ; 00:00:22                           ;
; Analysis & Synthesis      ; 00:00:44     ; 1.0                     ; 5273 MB             ; 00:01:04                           ;
; Partition Merge           ; 00:00:04     ; 1.0                     ; 4872 MB             ; 00:00:04                           ;
; Fitter                    ; 00:00:48     ; 1.1                     ; 5987 MB             ; 00:00:59                           ;
; Assembler                 ; 00:00:05     ; 1.0                     ; 4765 MB             ; 00:00:05                           ;
; TimeQuest Timing Analyzer ; 00:00:10     ; 1.4                     ; 5055 MB             ; 00:00:12                           ;
; EDA Netlist Writer        ; 00:00:26     ; 1.0                     ; 4906 MB             ; 00:00:24                           ;
; Analysis & Synthesis      ; 00:02:27     ; 1.7                     ; 5273 MB             ; 00:02:52                           ;
; Analysis & Synthesis      ; 00:02:27     ; 1.7                     ; 5258 MB             ; 00:02:51                           ;
; Analysis & Synthesis      ; 00:00:40     ; 1.0                     ; 5259 MB             ; 00:01:04                           ;
; Analysis & Synthesis      ; 00:02:26     ; 1.7                     ; 5258 MB             ; 00:02:50                           ;
; Analysis & Synthesis      ; 00:00:41     ; 1.0                     ; 5258 MB             ; 00:01:01                           ;
; Partition Merge           ; 00:00:03     ; 1.0                     ; 4758 MB             ; 00:00:03                           ;
; Fitter                    ; 00:01:18     ; 1.1                     ; 6126 MB             ; 00:02:04                           ;
; Assembler                 ; 00:00:06     ; 1.0                     ; 4766 MB             ; 00:00:05                           ;
; TimeQuest Timing Analyzer ; 00:00:09     ; 1.4                     ; 5054 MB             ; 00:00:11                           ;
; EDA Netlist Writer        ; 00:00:24     ; 1.0                     ; 4900 MB             ; 00:00:22                           ;
; Analysis & Synthesis      ; 00:00:44     ; 1.0                     ; 5277 MB             ; 00:01:00                           ;
; Partition Merge           ; 00:00:05     ; 1.0                     ; 4863 MB             ; 00:00:04                           ;
; Fitter                    ; 00:00:50     ; 1.1                     ; 5978 MB             ; 00:00:59                           ;
; Assembler                 ; 00:00:05     ; 1.0                     ; 4766 MB             ; 00:00:05                           ;
; TimeQuest Timing Analyzer ; 00:00:09     ; 1.4                     ; 5055 MB             ; 00:00:11                           ;
; EDA Netlist Writer        ; 00:00:23     ; 1.0                     ; 4900 MB             ; 00:00:21                           ;
; Analysis & Synthesis      ; 00:02:28     ; 1.7                     ; 5277 MB             ; 00:02:53                           ;
; Analysis & Synthesis      ; 00:00:41     ; 1.0                     ; 5262 MB             ; 00:01:03                           ;
; Analysis & Synthesis      ; 00:00:41     ; 1.0                     ; 5261 MB             ; 00:01:03                           ;
; Analysis & Synthesis      ; 00:00:41     ; 1.0                     ; 5260 MB             ; 00:01:01                           ;
; Analysis & Synthesis      ; 00:00:43     ; 1.0                     ; 5262 MB             ; 00:01:05                           ;
; Partition Merge           ; 00:00:03     ; 1.0                     ; 4759 MB             ; 00:00:03                           ;
; Fitter                    ; 00:01:24     ; 1.1                     ; 6126 MB             ; 00:02:12                           ;
; Assembler                 ; 00:00:05     ; 1.0                     ; 4765 MB             ; 00:00:05                           ;
; TimeQuest Timing Analyzer ; 00:00:09     ; 1.4                     ; 5052 MB             ; 00:00:12                           ;
; EDA Netlist Writer        ; 00:00:25     ; 1.0                     ; 4899 MB             ; 00:00:23                           ;
; Analysis & Synthesis      ; 00:02:41     ; 1.7                     ; 5274 MB             ; 00:03:07                           ;
; Partition Merge           ; 00:00:03     ; 1.0                     ; 4760 MB             ; 00:00:04                           ;
; Fitter                    ; 00:01:26     ; 1.1                     ; 6130 MB             ; 00:02:14                           ;
; Assembler                 ; 00:00:05     ; 1.0                     ; 4764 MB             ; 00:00:05                           ;
; TimeQuest Timing Analyzer ; 00:00:09     ; 1.4                     ; 5051 MB             ; 00:00:12                           ;
; EDA Netlist Writer        ; 00:00:25     ; 1.0                     ; 4901 MB             ; 00:00:23                           ;
; Analysis & Synthesis      ; 00:00:44     ; 1.0                     ; 5275 MB             ; 00:01:05                           ;
; Partition Merge           ; 00:00:04     ; 1.0                     ; 4868 MB             ; 00:00:04                           ;
; Fitter                    ; 00:00:52     ; 1.1                     ; 5966 MB             ; 00:01:03                           ;
; Assembler                 ; 00:00:05     ; 1.0                     ; 4763 MB             ; 00:00:05                           ;
; TimeQuest Timing Analyzer ; 00:00:09     ; 1.4                     ; 5055 MB             ; 00:00:12                           ;
; EDA Netlist Writer        ; 00:00:25     ; 1.0                     ; 4901 MB             ; 00:00:23                           ;
; Analysis & Synthesis      ; 00:00:48     ; 1.0                     ; 5278 MB             ; 00:01:06                           ;
; Partition Merge           ; 00:00:04     ; 1.0                     ; 4864 MB             ; 00:00:04                           ;
; Fitter                    ; 00:00:15     ; 1.0                     ; 5174 MB             ; 00:00:14                           ;
; Analysis & Synthesis      ; 00:00:40     ; 1.0                     ; 5278 MB             ; 00:01:02                           ;
; Partition Merge           ; 00:00:04     ; 1.0                     ; 4864 MB             ; 00:00:04                           ;
; Fitter                    ; 00:00:13     ; 1.0                     ; 5172 MB             ; 00:00:14                           ;
; Analysis & Synthesis      ; 00:00:39     ; 1.0                     ; 5275 MB             ; 00:01:00                           ;
; Partition Merge           ; 00:00:04     ; 1.0                     ; 4864 MB             ; 00:00:04                           ;
; Fitter                    ; 00:00:13     ; 1.0                     ; 5174 MB             ; 00:00:14                           ;
; Analysis & Synthesis      ; 00:00:42     ; 1.0                     ; 5276 MB             ; 00:01:05                           ;
; Partition Merge           ; 00:00:04     ; 1.0                     ; 4867 MB             ; 00:00:04                           ;
; Fitter                    ; 00:00:13     ; 1.0                     ; 5173 MB             ; 00:00:14                           ;
; Analysis & Synthesis      ; 00:02:26     ; 1.0                     ; 5276 MB             ; 00:02:48                           ;
; Partition Merge           ; 00:00:03     ; 1.0                     ; 4757 MB             ; 00:00:03                           ;
; Fitter                    ; 00:01:17     ; 1.1                     ; 6130 MB             ; 00:02:04                           ;
; Assembler                 ; 00:00:06     ; 1.0                     ; 4765 MB             ; 00:00:05                           ;
; TimeQuest Timing Analyzer ; 00:00:09     ; 1.4                     ; 5055 MB             ; 00:00:11                           ;
; EDA Netlist Writer        ; 00:00:22     ; 1.0                     ; 4902 MB             ; 00:00:21                           ;
; Analysis & Synthesis      ; 00:02:26     ; 1.7                     ; 5275 MB             ; 00:02:53                           ;
; Analysis & Synthesis      ; 00:00:39     ; 1.0                     ; 5262 MB             ; 00:00:59                           ;
; Analysis & Synthesis      ; 00:00:40     ; 1.0                     ; 5259 MB             ; 00:01:02                           ;
; Analysis & Synthesis      ; 00:02:49     ; 1.0                     ; 5261 MB             ; 00:03:12                           ;
; Analysis & Synthesis      ; 00:02:47     ; 1.7                     ; 5262 MB             ; 00:03:14                           ;
; Analysis & Synthesis      ; 00:02:46     ; 1.0                     ; 5260 MB             ; 00:03:11                           ;
; Partition Merge           ; 00:00:04     ; 1.0                     ; 4757 MB             ; 00:00:04                           ;
; Fitter                    ; 00:01:37     ; 1.1                     ; 6049 MB             ; 00:02:31                           ;
; Assembler                 ; 00:00:06     ; 1.0                     ; 4765 MB             ; 00:00:06                           ;
; TimeQuest Timing Analyzer ; 00:00:10     ; 1.4                     ; 5053 MB             ; 00:00:13                           ;
; EDA Netlist Writer        ; 00:00:30     ; 1.0                     ; 4902 MB             ; 00:00:27                           ;
; Analysis & Synthesis      ; 00:02:51     ; 1.0                     ; 5277 MB             ; 00:03:11                           ;
; Partition Merge           ; 00:00:03     ; 1.0                     ; 4757 MB             ; 00:00:03                           ;
; Fitter                    ; 00:01:30     ; 1.1                     ; 6128 MB             ; 00:02:21                           ;
; Assembler                 ; 00:00:06     ; 1.0                     ; 4765 MB             ; 00:00:06                           ;
; TimeQuest Timing Analyzer ; 00:00:10     ; 1.4                     ; 5055 MB             ; 00:00:12                           ;
; EDA Netlist Writer        ; 00:00:27     ; 1.0                     ; 4900 MB             ; 00:00:25                           ;
; Analysis & Synthesis      ; 00:02:48     ; 1.0                     ; 5276 MB             ; 00:03:13                           ;
; Partition Merge           ; 00:00:06     ; 1.0                     ; 4757 MB             ; 00:00:03                           ;
; Fitter                    ; 00:01:30     ; 1.1                     ; 6131 MB             ; 00:02:20                           ;
; Assembler                 ; 00:00:06     ; 1.0                     ; 4770 MB             ; 00:00:06                           ;
; TimeQuest Timing Analyzer ; 00:00:10     ; 1.4                     ; 5054 MB             ; 00:00:13                           ;
; EDA Netlist Writer        ; 00:00:26     ; 1.0                     ; 4901 MB             ; 00:00:25                           ;
; Analysis & Synthesis      ; 00:02:26     ; 1.0                     ; 5277 MB             ; 00:02:46                           ;
; Partition Merge           ; 00:00:03     ; 1.0                     ; 4757 MB             ; 00:00:03                           ;
; Fitter                    ; 00:01:17     ; 1.1                     ; 6129 MB             ; 00:02:01                           ;
; Assembler                 ; 00:00:05     ; 1.0                     ; 4771 MB             ; 00:00:05                           ;
; TimeQuest Timing Analyzer ; 00:00:08     ; 1.4                     ; 5054 MB             ; 00:00:11                           ;
; EDA Netlist Writer        ; 00:00:23     ; 1.0                     ; 4901 MB             ; 00:00:21                           ;
; Analysis & Synthesis      ; 00:00:44     ; 1.0                     ; 5276 MB             ; 00:01:05                           ;
; Partition Merge           ; 00:00:04     ; 1.0                     ; 4869 MB             ; 00:00:04                           ;
; Fitter                    ; 00:00:48     ; 1.1                     ; 5973 MB             ; 00:01:01                           ;
; Assembler                 ; 00:00:06     ; 1.0                     ; 4763 MB             ; 00:00:05                           ;
; TimeQuest Timing Analyzer ; 00:00:10     ; 1.4                     ; 5057 MB             ; 00:00:13                           ;
; EDA Netlist Writer        ; 00:00:26     ; 1.0                     ; 4901 MB             ; 00:00:24                           ;
; Total                     ; 01:48:58     ; --                      ; --                  ; 02:16:50                           ;
+---------------------------+--------------+-------------------------+---------------------+------------------------------------+


+-----------------------------------------------------------------------------------------+
; Flow OS Summary                                                                         ;
+---------------------------+------------------+------------+------------+----------------+
; Module Name               ; Machine Hostname ; OS Name    ; OS Version ; Processor type ;
+---------------------------+------------------+------------+------------+----------------+
; Analysis & Synthesis      ; DESKTOP-IBT3GO8  ; Windows 10 ; 10.0       ; x86_64         ;
; Fitter                    ; DESKTOP-IBT3GO8  ; Windows 10 ; 10.0       ; x86_64         ;
; Assembler                 ; DESKTOP-IBT3GO8  ; Windows 10 ; 10.0       ; x86_64         ;
; TimeQuest Timing Analyzer ; DESKTOP-IBT3GO8  ; Windows 10 ; 10.0       ; x86_64         ;
; EDA Netlist Writer        ; DESKTOP-IBT3GO8  ; Windows 10 ; 10.0       ; x86_64         ;
; Analysis & Synthesis      ; DESKTOP-IBT3GO8  ; Windows 10 ; 10.0       ; x86_64         ;
; Partition Merge           ; DESKTOP-IBT3GO8  ; Windows 10 ; 10.0       ; x86_64         ;
; Fitter                    ; DESKTOP-IBT3GO8  ; Windows 10 ; 10.0       ; x86_64         ;
; Assembler                 ; DESKTOP-IBT3GO8  ; Windows 10 ; 10.0       ; x86_64         ;
; TimeQuest Timing Analyzer ; DESKTOP-IBT3GO8  ; Windows 10 ; 10.0       ; x86_64         ;
; EDA Netlist Writer        ; DESKTOP-IBT3GO8  ; Windows 10 ; 10.0       ; x86_64         ;
; Analysis & Synthesis      ; DESKTOP-IBT3GO8  ; Windows 10 ; 10.0       ; x86_64         ;
; Partition Merge           ; DESKTOP-IBT3GO8  ; Windows 10 ; 10.0       ; x86_64         ;
; Fitter                    ; DESKTOP-IBT3GO8  ; Windows 10 ; 10.0       ; x86_64         ;
; Assembler                 ; DESKTOP-IBT3GO8  ; Windows 10 ; 10.0       ; x86_64         ;
; TimeQuest Timing Analyzer ; DESKTOP-IBT3GO8  ; Windows 10 ; 10.0       ; x86_64         ;
; EDA Netlist Writer        ; DESKTOP-IBT3GO8  ; Windows 10 ; 10.0       ; x86_64         ;
; Analysis & Synthesis      ; DESKTOP-IBT3GO8  ; Windows 10 ; 10.0       ; x86_64         ;
; Partition Merge           ; DESKTOP-IBT3GO8  ; Windows 10 ; 10.0       ; x86_64         ;
; Fitter                    ; DESKTOP-IBT3GO8  ; Windows 10 ; 10.0       ; x86_64         ;
; Assembler                 ; DESKTOP-IBT3GO8  ; Windows 10 ; 10.0       ; x86_64         ;
; TimeQuest Timing Analyzer ; DESKTOP-IBT3GO8  ; Windows 10 ; 10.0       ; x86_64         ;
; EDA Netlist Writer        ; DESKTOP-IBT3GO8  ; Windows 10 ; 10.0       ; x86_64         ;
; Analysis & Synthesis      ; DESKTOP-IBT3GO8  ; Windows 10 ; 10.0       ; x86_64         ;
; Analysis & Synthesis      ; DESKTOP-IBT3GO8  ; Windows 10 ; 10.0       ; x86_64         ;
; Analysis & Synthesis      ; DESKTOP-IBT3GO8  ; Windows 10 ; 10.0       ; x86_64         ;
; Partition Merge           ; DESKTOP-IBT3GO8  ; Windows 10 ; 10.0       ; x86_64         ;
; Fitter                    ; DESKTOP-IBT3GO8  ; Windows 10 ; 10.0       ; x86_64         ;
; Assembler                 ; DESKTOP-IBT3GO8  ; Windows 10 ; 10.0       ; x86_64         ;
; TimeQuest Timing Analyzer ; DESKTOP-IBT3GO8  ; Windows 10 ; 10.0       ; x86_64         ;
; EDA Netlist Writer        ; DESKTOP-IBT3GO8  ; Windows 10 ; 10.0       ; x86_64         ;
; Analysis & Synthesis      ; DESKTOP-IBT3GO8  ; Windows 10 ; 10.0       ; x86_64         ;
; Partition Merge           ; DESKTOP-IBT3GO8  ; Windows 10 ; 10.0       ; x86_64         ;
; Fitter                    ; DESKTOP-IBT3GO8  ; Windows 10 ; 10.0       ; x86_64         ;
; Assembler                 ; DESKTOP-IBT3GO8  ; Windows 10 ; 10.0       ; x86_64         ;
; TimeQuest Timing Analyzer ; DESKTOP-IBT3GO8  ; Windows 10 ; 10.0       ; x86_64         ;
; EDA Netlist Writer        ; DESKTOP-IBT3GO8  ; Windows 10 ; 10.0       ; x86_64         ;
; Analysis & Synthesis      ; DESKTOP-IBT3GO8  ; Windows 10 ; 10.0       ; x86_64         ;
; Partition Merge           ; DESKTOP-IBT3GO8  ; Windows 10 ; 10.0       ; x86_64         ;
; Fitter                    ; DESKTOP-IBT3GO8  ; Windows 10 ; 10.0       ; x86_64         ;
; Assembler                 ; DESKTOP-IBT3GO8  ; Windows 10 ; 10.0       ; x86_64         ;
; TimeQuest Timing Analyzer ; DESKTOP-IBT3GO8  ; Windows 10 ; 10.0       ; x86_64         ;
; EDA Netlist Writer        ; DESKTOP-IBT3GO8  ; Windows 10 ; 10.0       ; x86_64         ;
; Analysis & Synthesis      ; DESKTOP-IBT3GO8  ; Windows 10 ; 10.0       ; x86_64         ;
; Partition Merge           ; DESKTOP-IBT3GO8  ; Windows 10 ; 10.0       ; x86_64         ;
; Fitter                    ; DESKTOP-IBT3GO8  ; Windows 10 ; 10.0       ; x86_64         ;
; Assembler                 ; DESKTOP-IBT3GO8  ; Windows 10 ; 10.0       ; x86_64         ;
; TimeQuest Timing Analyzer ; DESKTOP-IBT3GO8  ; Windows 10 ; 10.0       ; x86_64         ;
; EDA Netlist Writer        ; DESKTOP-IBT3GO8  ; Windows 10 ; 10.0       ; x86_64         ;
; Analysis & Synthesis      ; DESKTOP-IBT3GO8  ; Windows 10 ; 10.0       ; x86_64         ;
; Partition Merge           ; DESKTOP-IBT3GO8  ; Windows 10 ; 10.0       ; x86_64         ;
; Fitter                    ; DESKTOP-IBT3GO8  ; Windows 10 ; 10.0       ; x86_64         ;
; Assembler                 ; DESKTOP-IBT3GO8  ; Windows 10 ; 10.0       ; x86_64         ;
; TimeQuest Timing Analyzer ; DESKTOP-IBT3GO8  ; Windows 10 ; 10.0       ; x86_64         ;
; EDA Netlist Writer        ; DESKTOP-IBT3GO8  ; Windows 10 ; 10.0       ; x86_64         ;
; Analysis & Synthesis      ; DESKTOP-IBT3GO8  ; Windows 10 ; 10.0       ; x86_64         ;
; Partition Merge           ; DESKTOP-IBT3GO8  ; Windows 10 ; 10.0       ; x86_64         ;
; Fitter                    ; DESKTOP-IBT3GO8  ; Windows 10 ; 10.0       ; x86_64         ;
; Assembler                 ; DESKTOP-IBT3GO8  ; Windows 10 ; 10.0       ; x86_64         ;
; TimeQuest Timing Analyzer ; DESKTOP-IBT3GO8  ; Windows 10 ; 10.0       ; x86_64         ;
; EDA Netlist Writer        ; DESKTOP-IBT3GO8  ; Windows 10 ; 10.0       ; x86_64         ;
; Analysis & Synthesis      ; DESKTOP-IBT3GO8  ; Windows 10 ; 10.0       ; x86_64         ;
; Analysis & Synthesis      ; DESKTOP-IBT3GO8  ; Windows 10 ; 10.0       ; x86_64         ;
; Analysis & Synthesis      ; DESKTOP-IBT3GO8  ; Windows 10 ; 10.0       ; x86_64         ;
; Analysis & Synthesis      ; DESKTOP-IBT3GO8  ; Windows 10 ; 10.0       ; x86_64         ;
; Analysis & Synthesis      ; DESKTOP-IBT3GO8  ; Windows 10 ; 10.0       ; x86_64         ;
; Partition Merge           ; DESKTOP-IBT3GO8  ; Windows 10 ; 10.0       ; x86_64         ;
; Fitter                    ; DESKTOP-IBT3GO8  ; Windows 10 ; 10.0       ; x86_64         ;
; Assembler                 ; DESKTOP-IBT3GO8  ; Windows 10 ; 10.0       ; x86_64         ;
; TimeQuest Timing Analyzer ; DESKTOP-IBT3GO8  ; Windows 10 ; 10.0       ; x86_64         ;
; EDA Netlist Writer        ; DESKTOP-IBT3GO8  ; Windows 10 ; 10.0       ; x86_64         ;
; Analysis & Synthesis      ; DESKTOP-IBT3GO8  ; Windows 10 ; 10.0       ; x86_64         ;
; Partition Merge           ; DESKTOP-IBT3GO8  ; Windows 10 ; 10.0       ; x86_64         ;
; Fitter                    ; DESKTOP-IBT3GO8  ; Windows 10 ; 10.0       ; x86_64         ;
; Assembler                 ; DESKTOP-IBT3GO8  ; Windows 10 ; 10.0       ; x86_64         ;
; TimeQuest Timing Analyzer ; DESKTOP-IBT3GO8  ; Windows 10 ; 10.0       ; x86_64         ;
; EDA Netlist Writer        ; DESKTOP-IBT3GO8  ; Windows 10 ; 10.0       ; x86_64         ;
; Analysis & Synthesis      ; DESKTOP-IBT3GO8  ; Windows 10 ; 10.0       ; x86_64         ;
; Analysis & Synthesis      ; DESKTOP-IBT3GO8  ; Windows 10 ; 10.0       ; x86_64         ;
; Analysis & Synthesis      ; DESKTOP-IBT3GO8  ; Windows 10 ; 10.0       ; x86_64         ;
; Analysis & Synthesis      ; DESKTOP-IBT3GO8  ; Windows 10 ; 10.0       ; x86_64         ;
; Analysis & Synthesis      ; DESKTOP-IBT3GO8  ; Windows 10 ; 10.0       ; x86_64         ;
; Partition Merge           ; DESKTOP-IBT3GO8  ; Windows 10 ; 10.0       ; x86_64         ;
; Fitter                    ; DESKTOP-IBT3GO8  ; Windows 10 ; 10.0       ; x86_64         ;
; Assembler                 ; DESKTOP-IBT3GO8  ; Windows 10 ; 10.0       ; x86_64         ;
; TimeQuest Timing Analyzer ; DESKTOP-IBT3GO8  ; Windows 10 ; 10.0       ; x86_64         ;
; EDA Netlist Writer        ; DESKTOP-IBT3GO8  ; Windows 10 ; 10.0       ; x86_64         ;
; Analysis & Synthesis      ; DESKTOP-IBT3GO8  ; Windows 10 ; 10.0       ; x86_64         ;
; Partition Merge           ; DESKTOP-IBT3GO8  ; Windows 10 ; 10.0       ; x86_64         ;
; Fitter                    ; DESKTOP-IBT3GO8  ; Windows 10 ; 10.0       ; x86_64         ;
; Assembler                 ; DESKTOP-IBT3GO8  ; Windows 10 ; 10.0       ; x86_64         ;
; TimeQuest Timing Analyzer ; DESKTOP-IBT3GO8  ; Windows 10 ; 10.0       ; x86_64         ;
; EDA Netlist Writer        ; DESKTOP-IBT3GO8  ; Windows 10 ; 10.0       ; x86_64         ;
; Analysis & Synthesis      ; DESKTOP-IBT3GO8  ; Windows 10 ; 10.0       ; x86_64         ;
; Partition Merge           ; DESKTOP-IBT3GO8  ; Windows 10 ; 10.0       ; x86_64         ;
; Fitter                    ; DESKTOP-IBT3GO8  ; Windows 10 ; 10.0       ; x86_64         ;
; Assembler                 ; DESKTOP-IBT3GO8  ; Windows 10 ; 10.0       ; x86_64         ;
; TimeQuest Timing Analyzer ; DESKTOP-IBT3GO8  ; Windows 10 ; 10.0       ; x86_64         ;
; EDA Netlist Writer        ; DESKTOP-IBT3GO8  ; Windows 10 ; 10.0       ; x86_64         ;
; Analysis & Synthesis      ; DESKTOP-IBT3GO8  ; Windows 10 ; 10.0       ; x86_64         ;
; Partition Merge           ; DESKTOP-IBT3GO8  ; Windows 10 ; 10.0       ; x86_64         ;
; Fitter                    ; DESKTOP-IBT3GO8  ; Windows 10 ; 10.0       ; x86_64         ;
; Analysis & Synthesis      ; DESKTOP-IBT3GO8  ; Windows 10 ; 10.0       ; x86_64         ;
; Partition Merge           ; DESKTOP-IBT3GO8  ; Windows 10 ; 10.0       ; x86_64         ;
; Fitter                    ; DESKTOP-IBT3GO8  ; Windows 10 ; 10.0       ; x86_64         ;
; Analysis & Synthesis      ; DESKTOP-IBT3GO8  ; Windows 10 ; 10.0       ; x86_64         ;
; Partition Merge           ; DESKTOP-IBT3GO8  ; Windows 10 ; 10.0       ; x86_64         ;
; Fitter                    ; DESKTOP-IBT3GO8  ; Windows 10 ; 10.0       ; x86_64         ;
; Analysis & Synthesis      ; DESKTOP-IBT3GO8  ; Windows 10 ; 10.0       ; x86_64         ;
; Partition Merge           ; DESKTOP-IBT3GO8  ; Windows 10 ; 10.0       ; x86_64         ;
; Fitter                    ; DESKTOP-IBT3GO8  ; Windows 10 ; 10.0       ; x86_64         ;
; Analysis & Synthesis      ; DESKTOP-IBT3GO8  ; Windows 10 ; 10.0       ; x86_64         ;
; Partition Merge           ; DESKTOP-IBT3GO8  ; Windows 10 ; 10.0       ; x86_64         ;
; Fitter                    ; DESKTOP-IBT3GO8  ; Windows 10 ; 10.0       ; x86_64         ;
; Assembler                 ; DESKTOP-IBT3GO8  ; Windows 10 ; 10.0       ; x86_64         ;
; TimeQuest Timing Analyzer ; DESKTOP-IBT3GO8  ; Windows 10 ; 10.0       ; x86_64         ;
; EDA Netlist Writer        ; DESKTOP-IBT3GO8  ; Windows 10 ; 10.0       ; x86_64         ;
; Analysis & Synthesis      ; DESKTOP-IBT3GO8  ; Windows 10 ; 10.0       ; x86_64         ;
; Analysis & Synthesis      ; DESKTOP-IBT3GO8  ; Windows 10 ; 10.0       ; x86_64         ;
; Analysis & Synthesis      ; DESKTOP-IBT3GO8  ; Windows 10 ; 10.0       ; x86_64         ;
; Analysis & Synthesis      ; DESKTOP-IBT3GO8  ; Windows 10 ; 10.0       ; x86_64         ;
; Analysis & Synthesis      ; DESKTOP-IBT3GO8  ; Windows 10 ; 10.0       ; x86_64         ;
; Analysis & Synthesis      ; DESKTOP-IBT3GO8  ; Windows 10 ; 10.0       ; x86_64         ;
; Partition Merge           ; DESKTOP-IBT3GO8  ; Windows 10 ; 10.0       ; x86_64         ;
; Fitter                    ; DESKTOP-IBT3GO8  ; Windows 10 ; 10.0       ; x86_64         ;
; Assembler                 ; DESKTOP-IBT3GO8  ; Windows 10 ; 10.0       ; x86_64         ;
; TimeQuest Timing Analyzer ; DESKTOP-IBT3GO8  ; Windows 10 ; 10.0       ; x86_64         ;
; EDA Netlist Writer        ; DESKTOP-IBT3GO8  ; Windows 10 ; 10.0       ; x86_64         ;
; Analysis & Synthesis      ; DESKTOP-IBT3GO8  ; Windows 10 ; 10.0       ; x86_64         ;
; Partition Merge           ; DESKTOP-IBT3GO8  ; Windows 10 ; 10.0       ; x86_64         ;
; Fitter                    ; DESKTOP-IBT3GO8  ; Windows 10 ; 10.0       ; x86_64         ;
; Assembler                 ; DESKTOP-IBT3GO8  ; Windows 10 ; 10.0       ; x86_64         ;
; TimeQuest Timing Analyzer ; DESKTOP-IBT3GO8  ; Windows 10 ; 10.0       ; x86_64         ;
; EDA Netlist Writer        ; DESKTOP-IBT3GO8  ; Windows 10 ; 10.0       ; x86_64         ;
; Analysis & Synthesis      ; DESKTOP-IBT3GO8  ; Windows 10 ; 10.0       ; x86_64         ;
; Partition Merge           ; DESKTOP-IBT3GO8  ; Windows 10 ; 10.0       ; x86_64         ;
; Fitter                    ; DESKTOP-IBT3GO8  ; Windows 10 ; 10.0       ; x86_64         ;
; Assembler                 ; DESKTOP-IBT3GO8  ; Windows 10 ; 10.0       ; x86_64         ;
; TimeQuest Timing Analyzer ; DESKTOP-IBT3GO8  ; Windows 10 ; 10.0       ; x86_64         ;
; EDA Netlist Writer        ; DESKTOP-IBT3GO8  ; Windows 10 ; 10.0       ; x86_64         ;
; Analysis & Synthesis      ; DESKTOP-IBT3GO8  ; Windows 10 ; 10.0       ; x86_64         ;
; Partition Merge           ; DESKTOP-IBT3GO8  ; Windows 10 ; 10.0       ; x86_64         ;
; Fitter                    ; DESKTOP-IBT3GO8  ; Windows 10 ; 10.0       ; x86_64         ;
; Assembler                 ; DESKTOP-IBT3GO8  ; Windows 10 ; 10.0       ; x86_64         ;
; TimeQuest Timing Analyzer ; DESKTOP-IBT3GO8  ; Windows 10 ; 10.0       ; x86_64         ;
; EDA Netlist Writer        ; DESKTOP-IBT3GO8  ; Windows 10 ; 10.0       ; x86_64         ;
; Analysis & Synthesis      ; DESKTOP-IBT3GO8  ; Windows 10 ; 10.0       ; x86_64         ;
; Partition Merge           ; DESKTOP-IBT3GO8  ; Windows 10 ; 10.0       ; x86_64         ;
; Fitter                    ; DESKTOP-IBT3GO8  ; Windows 10 ; 10.0       ; x86_64         ;
; Assembler                 ; DESKTOP-IBT3GO8  ; Windows 10 ; 10.0       ; x86_64         ;
; TimeQuest Timing Analyzer ; DESKTOP-IBT3GO8  ; Windows 10 ; 10.0       ; x86_64         ;
; EDA Netlist Writer        ; DESKTOP-IBT3GO8  ; Windows 10 ; 10.0       ; x86_64         ;
+---------------------------+------------------+------------+------------+----------------+


------------
; Flow Log ;
------------
quartus_map --read_settings_files=on --write_settings_files=off soc_m3_top -c soc_m3_top
quartus_fit --read_settings_files=off --write_settings_files=off soc_m3_top -c soc_m3_top
quartus_asm --read_settings_files=off --write_settings_files=off soc_m3_top -c soc_m3_top
quartus_sta soc_m3_top -c soc_m3_top
quartus_eda --read_settings_files=off --write_settings_files=off soc_m3_top -c soc_m3_top
quartus_map --read_settings_files=on --write_settings_files=off soc_m3_top -c soc_m3_top
quartus_cdb --read_settings_files=off --write_settings_files=off soc_m3_top -c soc_m3_top --merge=on
quartus_fit --read_settings_files=off --write_settings_files=off soc_m3_top -c soc_m3_top
quartus_asm --read_settings_files=off --write_settings_files=off soc_m3_top -c soc_m3_top
quartus_sta soc_m3_top -c soc_m3_top
quartus_eda --read_settings_files=off --write_settings_files=off soc_m3_top -c soc_m3_top
quartus_map --read_settings_files=on --write_settings_files=off soc_m3_top -c soc_m3_top
quartus_cdb --read_settings_files=off --write_settings_files=off soc_m3_top -c soc_m3_top --merge=on
quartus_fit --read_settings_files=off --write_settings_files=off soc_m3_top -c soc_m3_top
quartus_asm --read_settings_files=off --write_settings_files=off soc_m3_top -c soc_m3_top
quartus_sta soc_m3_top -c soc_m3_top
quartus_eda --read_settings_files=off --write_settings_files=off soc_m3_top -c soc_m3_top
quartus_map --read_settings_files=on --write_settings_files=off soc_m3_top -c soc_m3_top
quartus_cdb --read_settings_files=off --write_settings_files=off soc_m3_top -c soc_m3_top --merge=on
quartus_fit --read_settings_files=off --write_settings_files=off soc_m3_top -c soc_m3_top
quartus_asm --read_settings_files=off --write_settings_files=off soc_m3_top -c soc_m3_top
quartus_sta soc_m3_top -c soc_m3_top
quartus_eda --read_settings_files=off --write_settings_files=off soc_m3_top -c soc_m3_top
quartus_map --read_settings_files=on --write_settings_files=off soc_m3_top -c soc_m3_top
quartus_map --read_settings_files=on --write_settings_files=off soc_m3_top -c soc_m3_top
quartus_map --read_settings_files=on --write_settings_files=off soc_m3_top -c soc_m3_top
quartus_cdb --read_settings_files=off --write_settings_files=off soc_m3_top -c soc_m3_top --merge=on
quartus_fit --read_settings_files=off --write_settings_files=off soc_m3_top -c soc_m3_top
quartus_asm --read_settings_files=off --write_settings_files=off soc_m3_top -c soc_m3_top
quartus_sta soc_m3_top -c soc_m3_top
quartus_eda --read_settings_files=off --write_settings_files=off soc_m3_top -c soc_m3_top
quartus_map --read_settings_files=on --write_settings_files=off soc_m3_top -c soc_m3_top
quartus_cdb --read_settings_files=off --write_settings_files=off soc_m3_top -c soc_m3_top --merge=on
quartus_fit --read_settings_files=off --write_settings_files=off soc_m3_top -c soc_m3_top
quartus_asm --read_settings_files=off --write_settings_files=off soc_m3_top -c soc_m3_top
quartus_sta soc_m3_top -c soc_m3_top
quartus_eda --read_settings_files=off --write_settings_files=off soc_m3_top -c soc_m3_top
quartus_map --read_settings_files=on --write_settings_files=off soc_m3_top -c soc_m3_top
quartus_cdb --read_settings_files=off --write_settings_files=off soc_m3_top -c soc_m3_top --merge=on
quartus_fit --read_settings_files=off --write_settings_files=off soc_m3_top -c soc_m3_top
quartus_asm --read_settings_files=off --write_settings_files=off soc_m3_top -c soc_m3_top
quartus_sta soc_m3_top -c soc_m3_top
quartus_eda --read_settings_files=off --write_settings_files=off soc_m3_top -c soc_m3_top
quartus_map --read_settings_files=on --write_settings_files=off soc_m3_top -c soc_m3_top
quartus_cdb --read_settings_files=off --write_settings_files=off soc_m3_top -c soc_m3_top --merge=on
quartus_fit --read_settings_files=off --write_settings_files=off soc_m3_top -c soc_m3_top
quartus_asm --read_settings_files=off --write_settings_files=off soc_m3_top -c soc_m3_top
quartus_sta soc_m3_top -c soc_m3_top
quartus_eda --read_settings_files=off --write_settings_files=off soc_m3_top -c soc_m3_top
quartus_map --read_settings_files=on --write_settings_files=off soc_m3_top -c soc_m3_top
quartus_cdb --read_settings_files=off --write_settings_files=off soc_m3_top -c soc_m3_top --merge=on
quartus_fit --read_settings_files=off --write_settings_files=off soc_m3_top -c soc_m3_top
quartus_asm --read_settings_files=off --write_settings_files=off soc_m3_top -c soc_m3_top
quartus_sta soc_m3_top -c soc_m3_top
quartus_eda --read_settings_files=off --write_settings_files=off soc_m3_top -c soc_m3_top
quartus_map --read_settings_files=on --write_settings_files=off soc_m3_top -c soc_m3_top
quartus_cdb --read_settings_files=off --write_settings_files=off soc_m3_top -c soc_m3_top --merge=on
quartus_fit --read_settings_files=off --write_settings_files=off soc_m3_top -c soc_m3_top
quartus_asm --read_settings_files=off --write_settings_files=off soc_m3_top -c soc_m3_top
quartus_sta soc_m3_top -c soc_m3_top
quartus_eda --read_settings_files=off --write_settings_files=off soc_m3_top -c soc_m3_top
quartus_map --read_settings_files=on --write_settings_files=off soc_m3_top -c soc_m3_top
quartus_map --read_settings_files=on --write_settings_files=off soc_m3_top -c soc_m3_top
quartus_map --read_settings_files=on --write_settings_files=off soc_m3_top -c soc_m3_top
quartus_map --read_settings_files=on --write_settings_files=off soc_m3_top -c soc_m3_top
quartus_map --read_settings_files=on --write_settings_files=off soc_m3_top -c soc_m3_top
quartus_cdb --read_settings_files=off --write_settings_files=off soc_m3_top -c soc_m3_top --merge=on
quartus_fit --read_settings_files=off --write_settings_files=off soc_m3_top -c soc_m3_top
quartus_asm --read_settings_files=off --write_settings_files=off soc_m3_top -c soc_m3_top
quartus_sta soc_m3_top -c soc_m3_top
quartus_eda --read_settings_files=off --write_settings_files=off soc_m3_top -c soc_m3_top
quartus_map --read_settings_files=on --write_settings_files=off soc_m3_top -c soc_m3_top
quartus_cdb --read_settings_files=off --write_settings_files=off soc_m3_top -c soc_m3_top --merge=on
quartus_fit --read_settings_files=off --write_settings_files=off soc_m3_top -c soc_m3_top
quartus_asm --read_settings_files=off --write_settings_files=off soc_m3_top -c soc_m3_top
quartus_sta soc_m3_top -c soc_m3_top
quartus_eda --read_settings_files=off --write_settings_files=off soc_m3_top -c soc_m3_top
quartus_map --read_settings_files=on --write_settings_files=off soc_m3_top -c soc_m3_top
quartus_map --read_settings_files=on --write_settings_files=off soc_m3_top -c soc_m3_top
quartus_map --read_settings_files=on --write_settings_files=off soc_m3_top -c soc_m3_top
quartus_map --read_settings_files=on --write_settings_files=off soc_m3_top -c soc_m3_top
quartus_map --read_settings_files=on --write_settings_files=off soc_m3_top -c soc_m3_top
quartus_cdb --read_settings_files=off --write_settings_files=off soc_m3_top -c soc_m3_top --merge=on
quartus_fit --read_settings_files=off --write_settings_files=off soc_m3_top -c soc_m3_top
quartus_asm --read_settings_files=off --write_settings_files=off soc_m3_top -c soc_m3_top
quartus_sta soc_m3_top -c soc_m3_top
quartus_eda --read_settings_files=off --write_settings_files=off soc_m3_top -c soc_m3_top
quartus_map --read_settings_files=on --write_settings_files=off soc_m3_top -c soc_m3_top
quartus_cdb --read_settings_files=off --write_settings_files=off soc_m3_top -c soc_m3_top --merge=on
quartus_fit --read_settings_files=off --write_settings_files=off soc_m3_top -c soc_m3_top
quartus_asm --read_settings_files=off --write_settings_files=off soc_m3_top -c soc_m3_top
quartus_sta soc_m3_top -c soc_m3_top
quartus_eda --read_settings_files=off --write_settings_files=off soc_m3_top -c soc_m3_top
quartus_map --read_settings_files=on --write_settings_files=off soc_m3_top -c soc_m3_top
quartus_cdb --read_settings_files=off --write_settings_files=off soc_m3_top -c soc_m3_top --merge=on
quartus_fit --read_settings_files=off --write_settings_files=off soc_m3_top -c soc_m3_top
quartus_asm --read_settings_files=off --write_settings_files=off soc_m3_top -c soc_m3_top
quartus_sta soc_m3_top -c soc_m3_top
quartus_eda --read_settings_files=off --write_settings_files=off soc_m3_top -c soc_m3_top
quartus_map --read_settings_files=on --write_settings_files=off soc_m3_top -c soc_m3_top
quartus_cdb --read_settings_files=off --write_settings_files=off soc_m3_top -c soc_m3_top --merge=on
quartus_fit --read_settings_files=off --write_settings_files=off soc_m3_top -c soc_m3_top
quartus_map --read_settings_files=on --write_settings_files=off soc_m3_top -c soc_m3_top
quartus_cdb --read_settings_files=off --write_settings_files=off soc_m3_top -c soc_m3_top --merge=on
quartus_fit --read_settings_files=off --write_settings_files=off soc_m3_top -c soc_m3_top
quartus_map --read_settings_files=on --write_settings_files=off soc_m3_top -c soc_m3_top
quartus_cdb --read_settings_files=off --write_settings_files=off soc_m3_top -c soc_m3_top --merge=on
quartus_fit --read_settings_files=off --write_settings_files=off soc_m3_top -c soc_m3_top
quartus_map --read_settings_files=on --write_settings_files=off soc_m3_top -c soc_m3_top
quartus_cdb --read_settings_files=off --write_settings_files=off soc_m3_top -c soc_m3_top --merge=on
quartus_fit --read_settings_files=off --write_settings_files=off soc_m3_top -c soc_m3_top
quartus_map --read_settings_files=on --write_settings_files=off soc_m3_top -c soc_m3_top
quartus_cdb --read_settings_files=off --write_settings_files=off soc_m3_top -c soc_m3_top --merge=on
quartus_fit --read_settings_files=off --write_settings_files=off soc_m3_top -c soc_m3_top
quartus_asm --read_settings_files=off --write_settings_files=off soc_m3_top -c soc_m3_top
quartus_sta soc_m3_top -c soc_m3_top
quartus_eda --read_settings_files=off --write_settings_files=off soc_m3_top -c soc_m3_top
quartus_map --read_settings_files=on --write_settings_files=off soc_m3_top -c soc_m3_top
quartus_map --read_settings_files=on --write_settings_files=off soc_m3_top -c soc_m3_top
quartus_map --read_settings_files=on --write_settings_files=off soc_m3_top -c soc_m3_top
quartus_map --read_settings_files=on --write_settings_files=off soc_m3_top -c soc_m3_top
quartus_map --read_settings_files=on --write_settings_files=off soc_m3_top -c soc_m3_top
quartus_map --read_settings_files=on --write_settings_files=off soc_m3_top -c soc_m3_top
quartus_cdb --read_settings_files=off --write_settings_files=off soc_m3_top -c soc_m3_top --merge=on
quartus_fit --read_settings_files=off --write_settings_files=off soc_m3_top -c soc_m3_top
quartus_asm --read_settings_files=off --write_settings_files=off soc_m3_top -c soc_m3_top
quartus_sta soc_m3_top -c soc_m3_top
quartus_eda --read_settings_files=off --write_settings_files=off soc_m3_top -c soc_m3_top
quartus_map --read_settings_files=on --write_settings_files=off soc_m3_top -c soc_m3_top
quartus_cdb --read_settings_files=off --write_settings_files=off soc_m3_top -c soc_m3_top --merge=on
quartus_fit --read_settings_files=off --write_settings_files=off soc_m3_top -c soc_m3_top
quartus_asm --read_settings_files=off --write_settings_files=off soc_m3_top -c soc_m3_top
quartus_sta soc_m3_top -c soc_m3_top
quartus_eda --read_settings_files=off --write_settings_files=off soc_m3_top -c soc_m3_top
quartus_map --read_settings_files=on --write_settings_files=off soc_m3_top -c soc_m3_top
quartus_cdb --read_settings_files=off --write_settings_files=off soc_m3_top -c soc_m3_top --merge=on
quartus_fit --read_settings_files=off --write_settings_files=off soc_m3_top -c soc_m3_top
quartus_asm --read_settings_files=off --write_settings_files=off soc_m3_top -c soc_m3_top
quartus_sta soc_m3_top -c soc_m3_top
quartus_eda --read_settings_files=off --write_settings_files=off soc_m3_top -c soc_m3_top
quartus_map --read_settings_files=on --write_settings_files=off soc_m3_top -c soc_m3_top
quartus_cdb --read_settings_files=off --write_settings_files=off soc_m3_top -c soc_m3_top --merge=on
quartus_fit --read_settings_files=off --write_settings_files=off soc_m3_top -c soc_m3_top
quartus_asm --read_settings_files=off --write_settings_files=off soc_m3_top -c soc_m3_top
quartus_sta soc_m3_top -c soc_m3_top
quartus_eda --read_settings_files=off --write_settings_files=off soc_m3_top -c soc_m3_top
quartus_map --read_settings_files=on --write_settings_files=off soc_m3_top -c soc_m3_top
quartus_cdb --read_settings_files=off --write_settings_files=off soc_m3_top -c soc_m3_top --merge=on
quartus_fit --read_settings_files=off --write_settings_files=off soc_m3_top -c soc_m3_top
quartus_asm --read_settings_files=off --write_settings_files=off soc_m3_top -c soc_m3_top
quartus_sta soc_m3_top -c soc_m3_top
quartus_eda --read_settings_files=off --write_settings_files=off soc_m3_top -c soc_m3_top



