


ARM Macro Assembler    Page 1 


    1 00000000         ; <h> Stack Configuration
    2 00000000         ;   <o> Stack Size (in Bytes) <0x0-0xFFFFFFFF:8>
    3 00000000         ; </h>
    4 00000000         
    5 00000000 00000200 
                       Stack_Size
                               EQU              0x00000200
    6 00000000         
    7 00000000                 AREA             STACK, NOINIT, READWRITE, ALIGN
=3
    8 00000000         Stack_Mem
                               SPACE            Stack_Size
    9 00000200         __initial_sp
   10 00000200         
   11 00000200         
   12 00000200         ; <h> Heap Configuration
   13 00000200         ;   <o>  Heap Size (in Bytes) <0x0-0xFFFFFFFF:8>
   14 00000200         ; </h>
   15 00000200         
   16 00000200 00000100 
                       Heap_Size
                               EQU              0x00000100
   17 00000200         
   18 00000200                 AREA             HEAP, NOINIT, READWRITE, ALIGN=
3
   19 00000000         __heap_base
   20 00000000         Heap_Mem
                               SPACE            Heap_Size
   21 00000100         __heap_limit
   22 00000100         
   23 00000100         
   24 00000100                 PRESERVE8
   25 00000100                 THUMB
   26 00000100         
   27 00000100         
   28 00000100         ; Vector Table Mapped to Address 0 at Reset
   29 00000100         
   30 00000100                 AREA             RESET, DATA, READONLY
   31 00000000                 EXPORT           __Vectors
   32 00000000                 EXPORT           __Vectors_End
   33 00000000                 EXPORT           __Vectors_Size
   34 00000000         
   35 00000000 00000000 
                       __Vectors
                               DCD              __initial_sp ; Top of Stack
   36 00000004 00000000        DCD              Reset_Handler ; Reset Handler
   37 00000008 00000000        DCD              NMI_Handler ; NMI Handler
   38 0000000C 00000000        DCD              HardFault_Handler ; Hard Fault 
                                                            Handler
   39 00000010 00000000        DCD              MemManage_Handler 
                                                            ; MPU Fault Handler
                                                            
   40 00000014 00000000        DCD              BusFault_Handler 
                                                            ; Bus Fault Handler
                                                            
   41 00000018 00000000        DCD              UsageFault_Handler ; Usage Faul
                                                            t Handler
   42 0000001C 00000000        DCD              0           ; Reserved
   43 00000020 00000000        DCD              0           ; Reserved



ARM Macro Assembler    Page 2 


   44 00000024 00000000        DCD              0           ; Reserved
   45 00000028 00000000        DCD              0           ; Reserved
   46 0000002C 00000000        DCD              SVC_Handler ; SVCall Handler
   47 00000030 00000000        DCD              DebugMon_Handler ; Debug Monito
                                                            r Handler
   48 00000034 00000000        DCD              0           ; Reserved
   49 00000038 00000000        DCD              PendSV_Handler ; PendSV Handler
                                                            
   50 0000003C 00000000        DCD              SysTick_Handler 
                                                            ; SysTick Handler
   51 00000040         
   52 00000040         ; External Interrupts
   53 00000040 00000000        DCD              UARTRX_Handler 
                                                            ; UART RX Handler
   54 00000044 00000000        DCD              UARTTX_Handler 
                                                            ; UART TX Handler
   55 00000048 00000000        DCD              UARTOVR_Handler ; UART RX and T
                                                            X OVERRIDE Handler
   56 0000004C         
   57 0000004C         __Vectors_End
   58 0000004C         
   59 0000004C 0000004C 
                       __Vectors_Size
                               EQU              __Vectors_End - __Vectors
   60 0000004C         
   61 0000004C                 AREA             |.text|, CODE, READONLY
   62 00000000         
   63 00000000         
   64 00000000         ; Reset Handler
   65 00000000         
   66 00000000         Reset_Handler
                               PROC
   67 00000000                 EXPORT           Reset_Handler             [WEAK
]
   68 00000000                 IMPORT           SystemInit
   69 00000000                 IMPORT           __main
   70 00000000         ;IMPORT  main
   71 00000000 4807            LDR              R0, =SystemInit
   72 00000002 4780            BLX              R0
   73 00000004 4807            LDR              R0, =__main
   74 00000006         ;LDR     R0, =main
   75 00000006 4700            BX               R0
   76 00000008                 ENDP
   77 00000008         
   78 00000008         
   79 00000008         ; Dummy Exception Handlers (infinite loops which can be 
                       modified)
   80 00000008         
   81 00000008         NMI_Handler
                               PROC
   82 00000008                 EXPORT           NMI_Handler               [WEAK
]
   83 00000008         ;IMPORT  NMIHandler
   84 00000008         ;PUSH    {LR}
   85 00000008         ;BL      NMIHandler
   86 00000008         ;POP     {PC}
   87 00000008 E7FE            B                .
   88 0000000A                 ENDP
   89 0000000A         



ARM Macro Assembler    Page 3 


   90 0000000A         HardFault_Handler
                               PROC
   91 0000000A                 EXPORT           HardFault_Handler         [WEAK
]
   92 0000000A         ;IMPORT  HardFaultHandler
   93 0000000A         ;PUSH    {LR}
   94 0000000A         ;BL      HardFaultHandler
   95 0000000A         ;POP     {PC}
   96 0000000A E7FE            B                .
   97 0000000C                 ENDP
   98 0000000C         
   99 0000000C         MemManage_Handler
                               PROC
  100 0000000C                 EXPORT           MemManage_Handler         [WEAK
]
  101 0000000C         ;IMPORT  MemManageHandler
  102 0000000C         ;PUSH    {LR}
  103 0000000C         ;BL      MemManageHandler
  104 0000000C         ;POP     {PC}
  105 0000000C E7FE            B                .
  106 0000000E                 ENDP
  107 0000000E         
  108 0000000E         BusFault_Handler
                               PROC
  109 0000000E                 EXPORT           BusFault_Handler          [WEAK
]
  110 0000000E         ;IMPORT  BusFaultHandler
  111 0000000E         ;PUSH    {LR}
  112 0000000E         ;BL      BusFaultHandler
  113 0000000E         ;POP     {PC}
  114 0000000E E7FE            B                .
  115 00000010                 ENDP
  116 00000010         
  117 00000010         UsageFault_Handler
                               PROC
  118 00000010                 EXPORT           UsageFault_Handler        [WEAK
]
  119 00000010         ;IMPORT  UsageFaultHandler
  120 00000010         ;PUSH    {LR}
  121 00000010         ;BL      UsageFaultHandler
  122 00000010         ;POP     {PC}      
  123 00000010 E7FE            B                .
  124 00000012                 ENDP
  125 00000012         
  126 00000012         SVC_Handler
                               PROC
  127 00000012                 EXPORT           SVC_Handler               [WEAK
]
  128 00000012         ;IMPORT  SVCHandler
  129 00000012         ;PUSH    {LR}
  130 00000012         ;BL      SVCHandler
  131 00000012         ;POP     {PC}   
  132 00000012 E7FE            B                .
  133 00000014                 ENDP
  134 00000014         
  135 00000014         DebugMon_Handler
                               PROC
  136 00000014                 EXPORT           DebugMon_Handler          [WEAK
]



ARM Macro Assembler    Page 4 


  137 00000014         ;IMPORT  DebugMonHandler
  138 00000014         ;PUSH    {LR}
  139 00000014         ;BL      DebugMonHandler
  140 00000014         ;POP     {PC}
  141 00000014 E7FE            B                .
  142 00000016                 ENDP
  143 00000016         
  144 00000016         PendSV_Handler
                               PROC
  145 00000016                 EXPORT           PendSV_Handler            [WEAK
]
  146 00000016         ;IMPORT  PendSVHandler
  147 00000016         ;PUSH    {LR}
  148 00000016         ;BL      PendSVHandler
  149 00000016         ;POP     {PC}
  150 00000016 E7FE            B                .
  151 00000018                 ENDP
  152 00000018         
  153 00000018         SysTick_Handler
                               PROC
  154 00000018                 EXPORT           SysTick_Handler           [WEAK
]
  155 00000018         ;IMPORT  SysTickHandler
  156 00000018         ;PUSH    {LR}
  157 00000018         ;BL      SysTickHandler
  158 00000018         ;POP     {PC}
  159 00000018 E7FE            B                .
  160 0000001A                 ENDP
  161 0000001A         
  162 0000001A         UARTRX_Handler
                               PROC
  163 0000001A                 EXPORT           UARTRX_Handler             [WEA
K]
  164 0000001A         ;IMPORT  UARTRXHandler 
  165 0000001A         ;PUSH    {LR}
  166 0000001A         ;BL      UARTRXHandler 
  167 0000001A         ;POP     {PC}
  168 0000001A E7FE            B                .
  169 0000001C                 ENDP
  170 0000001C         
  171 0000001C         UARTTX_Handler
                               PROC
  172 0000001C                 EXPORT           UARTTX_Handler             [WEA
K]
  173 0000001C         ;IMPORT  UARTTXHandler 
  174 0000001C         ;PUSH    {LR}
  175 0000001C         ;BL      UARTTXHandler 
  176 0000001C         ;POP     {PC}
  177 0000001C E7FE            B                .
  178 0000001E                 ENDP
  179 0000001E         
  180 0000001E         UARTOVR_Handler
                               PROC
  181 0000001E                 EXPORT           UARTOVR_Handler             [WE
AK]
  182 0000001E         ;IMPORT  UARTOVRHandler 
  183 0000001E         ;PUSH    {LR}
  184 0000001E         ;BL      UARTOVRHandler 
  185 0000001E         ;POP     {PC}



ARM Macro Assembler    Page 5 


  186 0000001E E7FE            B                .
  187 00000020                 ENDP
  188 00000020         
  189 00000020                 ALIGN
  190 00000020         
  191 00000020         
  192 00000020         ; User Initial Stack & Heap
  193 00000020         
  194 00000020                 IF               :DEF:__MICROLIB
  195 00000020         
  196 00000020                 EXPORT           __initial_sp
  197 00000020                 EXPORT           __heap_base
  198 00000020                 EXPORT           __heap_limit
  199 00000020         
  200 00000020                 ELSE
  215                          ENDIF
  216 00000020         
  217 00000020         
  218 00000020                 END
              00000000 
              00000000 
Command Line: --debug --xref --diag_suppress=9931 --cpu=Cortex-M3 --apcs=interw
ork --depend=.\objects\startup_cm3ds.d -o.\objects\startup_cm3ds.o -I.\RTE\_Tar
get_1 -I"D:\Program Files (x86)\Keil_v5\ARM\PACK\ARM\CMSIS\5.0.1\Device\ARM\ARM
CM3\Include" -I"D:\Program Files (x86)\Keil_v5\ARM\CMSIS\Include" --predefine="
__MICROLIB SETA 1" --predefine="__UVISION_VERSION SETA 524" --predefine="ARMCM3
 SETA 1" --list=.\listings\startup_cm3ds.lst startup_CM3DS.s



ARM Macro Assembler    Page 1 Alphabetic symbol ordering
Relocatable symbols

STACK 00000000

Symbol: STACK
   Definitions
      At line 7 in file startup_CM3DS.s
   Uses
      None
Comment: STACK unused
Stack_Mem 00000000

Symbol: Stack_Mem
   Definitions
      At line 8 in file startup_CM3DS.s
   Uses
      None
Comment: Stack_Mem unused
__initial_sp 00000200

Symbol: __initial_sp
   Definitions
      At line 9 in file startup_CM3DS.s
   Uses
      At line 35 in file startup_CM3DS.s
      At line 196 in file startup_CM3DS.s

3 symbols



ARM Macro Assembler    Page 1 Alphabetic symbol ordering
Relocatable symbols

HEAP 00000000

Symbol: HEAP
   Definitions
      At line 18 in file startup_CM3DS.s
   Uses
      None
Comment: HEAP unused
Heap_Mem 00000000

Symbol: Heap_Mem
   Definitions
      At line 20 in file startup_CM3DS.s
   Uses
      None
Comment: Heap_Mem unused
__heap_base 00000000

Symbol: __heap_base
   Definitions
      At line 19 in file startup_CM3DS.s
   Uses
      At line 197 in file startup_CM3DS.s
Comment: __heap_base used once
__heap_limit 00000100

Symbol: __heap_limit
   Definitions
      At line 21 in file startup_CM3DS.s
   Uses
      At line 198 in file startup_CM3DS.s
Comment: __heap_limit used once
4 symbols



ARM Macro Assembler    Page 1 Alphabetic symbol ordering
Relocatable symbols

RESET 00000000

Symbol: RESET
   Definitions
      At line 30 in file startup_CM3DS.s
   Uses
      None
Comment: RESET unused
__Vectors 00000000

Symbol: __Vectors
   Definitions
      At line 35 in file startup_CM3DS.s
   Uses
      At line 31 in file startup_CM3DS.s
      At line 59 in file startup_CM3DS.s

__Vectors_End 0000004C

Symbol: __Vectors_End
   Definitions
      At line 57 in file startup_CM3DS.s
   Uses
      At line 32 in file startup_CM3DS.s
      At line 59 in file startup_CM3DS.s

3 symbols



ARM Macro Assembler    Page 1 Alphabetic symbol ordering
Relocatable symbols

.text 00000000

Symbol: .text
   Definitions
      At line 61 in file startup_CM3DS.s
   Uses
      None
Comment: .text unused
BusFault_Handler 0000000E

Symbol: BusFault_Handler
   Definitions
      At line 108 in file startup_CM3DS.s
   Uses
      At line 40 in file startup_CM3DS.s
      At line 109 in file startup_CM3DS.s

DebugMon_Handler 00000014

Symbol: DebugMon_Handler
   Definitions
      At line 135 in file startup_CM3DS.s
   Uses
      At line 47 in file startup_CM3DS.s
      At line 136 in file startup_CM3DS.s

HardFault_Handler 0000000A

Symbol: HardFault_Handler
   Definitions
      At line 90 in file startup_CM3DS.s
   Uses
      At line 38 in file startup_CM3DS.s
      At line 91 in file startup_CM3DS.s

MemManage_Handler 0000000C

Symbol: MemManage_Handler
   Definitions
      At line 99 in file startup_CM3DS.s
   Uses
      At line 39 in file startup_CM3DS.s
      At line 100 in file startup_CM3DS.s

NMI_Handler 00000008

Symbol: NMI_Handler
   Definitions
      At line 81 in file startup_CM3DS.s
   Uses
      At line 37 in file startup_CM3DS.s
      At line 82 in file startup_CM3DS.s

PendSV_Handler 00000016

Symbol: PendSV_Handler
   Definitions
      At line 144 in file startup_CM3DS.s
   Uses



ARM Macro Assembler    Page 2 Alphabetic symbol ordering
Relocatable symbols

      At line 49 in file startup_CM3DS.s
      At line 145 in file startup_CM3DS.s

Reset_Handler 00000000

Symbol: Reset_Handler
   Definitions
      At line 66 in file startup_CM3DS.s
   Uses
      At line 36 in file startup_CM3DS.s
      At line 67 in file startup_CM3DS.s

SVC_Handler 00000012

Symbol: SVC_Handler
   Definitions
      At line 126 in file startup_CM3DS.s
   Uses
      At line 46 in file startup_CM3DS.s
      At line 127 in file startup_CM3DS.s

SysTick_Handler 00000018

Symbol: SysTick_Handler
   Definitions
      At line 153 in file startup_CM3DS.s
   Uses
      At line 50 in file startup_CM3DS.s
      At line 154 in file startup_CM3DS.s

UARTOVR_Handler 0000001E

Symbol: UARTOVR_Handler
   Definitions
      At line 180 in file startup_CM3DS.s
   Uses
      At line 55 in file startup_CM3DS.s
      At line 181 in file startup_CM3DS.s

UARTRX_Handler 0000001A

Symbol: UARTRX_Handler
   Definitions
      At line 162 in file startup_CM3DS.s
   Uses
      At line 53 in file startup_CM3DS.s
      At line 163 in file startup_CM3DS.s

UARTTX_Handler 0000001C

Symbol: UARTTX_Handler
   Definitions
      At line 171 in file startup_CM3DS.s
   Uses
      At line 54 in file startup_CM3DS.s
      At line 172 in file startup_CM3DS.s

UsageFault_Handler 00000010




ARM Macro Assembler    Page 3 Alphabetic symbol ordering
Relocatable symbols

Symbol: UsageFault_Handler
   Definitions
      At line 117 in file startup_CM3DS.s
   Uses
      At line 41 in file startup_CM3DS.s
      At line 118 in file startup_CM3DS.s

14 symbols



ARM Macro Assembler    Page 1 Alphabetic symbol ordering
Absolute symbols

Heap_Size 00000100

Symbol: Heap_Size
   Definitions
      At line 16 in file startup_CM3DS.s
   Uses
      At line 20 in file startup_CM3DS.s
Comment: Heap_Size used once
Stack_Size 00000200

Symbol: Stack_Size
   Definitions
      At line 5 in file startup_CM3DS.s
   Uses
      At line 8 in file startup_CM3DS.s
Comment: Stack_Size used once
__Vectors_Size 0000004C

Symbol: __Vectors_Size
   Definitions
      At line 59 in file startup_CM3DS.s
   Uses
      At line 33 in file startup_CM3DS.s
Comment: __Vectors_Size used once
3 symbols



ARM Macro Assembler    Page 1 Alphabetic symbol ordering
External symbols

SystemInit 00000000

Symbol: SystemInit
   Definitions
      At line 68 in file startup_CM3DS.s
   Uses
      At line 71 in file startup_CM3DS.s
Comment: SystemInit used once
__main 00000000

Symbol: __main
   Definitions
      At line 69 in file startup_CM3DS.s
   Uses
      At line 73 in file startup_CM3DS.s
Comment: __main used once
2 symbols
364 symbols in table
